[2023-11-02 17:38:31] [INFO    ] discord_bot: Logged in as BeatBox
[2023-11-02 17:38:31] [INFO    ] discord_bot: discord.py API version: 2.3.2
[2023-11-02 17:38:31] [INFO    ] discord_bot: Python version: 3.11.4
[2023-11-02 17:38:31] [INFO    ] discord_bot: Running on: Windows 10 (nt)
[2023-11-02 17:38:31] [INFO    ] discord_bot: -------------------
[2023-11-02 17:38:31] [INFO    ] discord_bot: Loaded extension 'economy'
[2023-11-02 17:38:31] [INFO    ] discord_bot: Loaded extension 'event'
[2023-11-02 17:38:31] [INFO    ] discord_bot: Loaded extension 'help'
[2023-11-02 17:38:31] [INFO    ] discord_bot: Loaded extension 'moderation'
[2023-11-02 17:38:31] [INFO    ] discord_bot: Loaded extension 'owner'
[2023-11-02 17:38:31] [INFO    ] discord_bot: Loaded extension 'player'
[2023-11-02 17:38:31] [INFO    ] discord_bot: Loaded extension 'template'
[2023-11-02 17:38:31] [INFO    ] discord_bot: Loaded extension 'util'
[2023-11-02 17:38:33] [INFO    ] discord_bot: Guild found: Person98 Was Here
[2023-11-02 17:38:33] [INFO    ] discord_bot: Doing bans
[2023-11-02 17:38:33] [INFO    ] discord_bot: []
[2023-11-02 17:38:33] [INFO    ] discord_bot: [(754244132741840959, 'chills_bbx', None, 'BEATBOX TOP 8, Top 8, tester', 'offline', '2023-10-18 23:31:39.793000+00:00', '2020-09-12 07:36:54.424000+00:00', 'tester'), (422843158754361344, 'duzzee', None, 'tester', 'offline', '2023-10-19 00:19:05.006000+00:00', '2018-03-12 19:47:45.093000+00:00', 'tester'), (292733309488857088, 'person98', None, 'Test123, Top 8, Admin', 'offline', '2023-09-16 17:38:27.768000+00:00', '2017-03-18 18:57:39.704000+00:00', 'Admin')]
[2023-11-02 17:38:33] [INFO    ] discord_bot: Members list updated with 3 members.
[2023-11-02 17:39:33] [INFO    ] discord_bot: Doing bans
[2023-11-02 17:39:33] [INFO    ] discord_bot: []
[2023-11-02 17:39:33] [INFO    ] discord_bot: [(754244132741840959, 'chills_bbx', None, 'BEATBOX TOP 8, Top 8, tester', 'offline', '2023-10-18 23:31:39.793000+00:00', '2020-09-12 07:36:54.424000+00:00', 'tester'), (422843158754361344, 'duzzee', None, 'tester', 'offline', '2023-10-19 00:19:05.006000+00:00', '2018-03-12 19:47:45.093000+00:00', 'tester'), (292733309488857088, 'person98', None, 'Test123, Top 8, Admin', 'offline', '2023-09-16 17:38:27.768000+00:00', '2017-03-18 18:57:39.704000+00:00', 'Admin')]
[2023-11-02 17:39:33] [INFO    ] discord_bot: Members list updated with 3 members.
[2023-11-02 17:40:33] [INFO    ] discord_bot: Doing bans
[2023-11-02 17:40:33] [INFO    ] discord_bot: []
[2023-11-02 17:40:34] [INFO    ] discord_bot: [(754244132741840959, 'chills_bbx', None, 'BEATBOX TOP 8, Top 8, tester', 'offline', '2023-10-18 23:31:39.793000+00:00', '2020-09-12 07:36:54.424000+00:00', 'tester'), (422843158754361344, 'duzzee', None, 'tester', 'offline', '2023-10-19 00:19:05.006000+00:00', '2018-03-12 19:47:45.093000+00:00', 'tester'), (292733309488857088, 'person98', None, 'Test123, Top 8, Admin', 'offline', '2023-09-16 17:38:27.768000+00:00', '2017-03-18 18:57:39.704000+00:00', 'Admin')]
[2023-11-02 17:40:34] [INFO    ] discord_bot: Members list updated with 3 members.
[2023-11-02 17:41:33] [INFO    ] discord_bot: Doing bans
[2023-11-02 17:41:33] [INFO    ] discord_bot: []
[2023-11-02 17:41:35] [INFO    ] discord_bot: [(754244132741840959, 'chills_bbx', None, 'BEATBOX TOP 8, Top 8, tester', 'offline', '2023-10-18 23:31:39.793000+00:00', '2020-09-12 07:36:54.424000+00:00', 'tester'), (422843158754361344, 'duzzee', None, 'tester', 'offline', '2023-10-19 00:19:05.006000+00:00', '2018-03-12 19:47:45.093000+00:00', 'tester'), (292733309488857088, 'person98', None, 'Test123, Top 8, Admin', 'offline', '2023-09-16 17:38:27.768000+00:00', '2017-03-18 18:57:39.704000+00:00', 'Admin')]
[2023-11-02 17:41:35] [INFO    ] discord_bot: Members list updated with 3 members.
[2023-11-02 17:42:33] [INFO    ] discord_bot: Doing bans
[2023-11-02 17:42:33] [INFO    ] discord_bot: []
[2023-11-02 17:42:34] [INFO    ] discord_bot: [(754244132741840959, 'chills_bbx', None, 'BEATBOX TOP 8, Top 8, tester', 'offline', '2023-10-18 23:31:39.793000+00:00', '2020-09-12 07:36:54.424000+00:00', 'tester'), (422843158754361344, 'duzzee', None, 'tester', 'offline', '2023-10-19 00:19:05.006000+00:00', '2018-03-12 19:47:45.093000+00:00', 'tester'), (292733309488857088, 'person98', None, 'Test123, Top 8, Admin', 'offline', '2023-09-16 17:38:27.768000+00:00', '2017-03-18 18:57:39.704000+00:00', 'Admin')]
[2023-11-02 17:42:34] [INFO    ] discord_bot: Members list updated with 3 members.
[2023-11-02 17:43:33] [INFO    ] discord_bot: Doing bans
[2023-11-02 17:43:33] [INFO    ] discord_bot: []
[2023-11-02 17:43:34] [INFO    ] discord_bot: [(754244132741840959, 'chills_bbx', None, 'BEATBOX TOP 8, Top 8, tester', 'offline', '2023-10-18 23:31:39.793000+00:00', '2020-09-12 07:36:54.424000+00:00', 'tester'), (422843158754361344, 'duzzee', None, 'tester', 'offline', '2023-10-19 00:19:05.006000+00:00', '2018-03-12 19:47:45.093000+00:00', 'tester'), (292733309488857088, 'person98', None, 'Test123, Top 8, Admin', 'offline', '2023-09-16 17:38:27.768000+00:00', '2017-03-18 18:57:39.704000+00:00', 'Admin')]
[2023-11-02 17:43:34] [INFO    ] discord_bot: Members list updated with 3 members.
[2023-11-02 17:44:33] [INFO    ] discord_bot: Doing bans
[2023-11-02 17:44:33] [INFO    ] discord_bot: []
[2023-11-02 17:44:34] [INFO    ] discord_bot: [(754244132741840959, 'chills_bbx', None, 'BEATBOX TOP 8, Top 8, tester', 'offline', '2023-10-18 23:31:39.793000+00:00', '2020-09-12 07:36:54.424000+00:00', 'tester'), (422843158754361344, 'duzzee', None, 'tester', 'offline', '2023-10-19 00:19:05.006000+00:00', '2018-03-12 19:47:45.093000+00:00', 'tester'), (292733309488857088, 'person98', None, 'Test123, Top 8, Admin', 'offline', '2023-09-16 17:38:27.768000+00:00', '2017-03-18 18:57:39.704000+00:00', 'Admin')]
[2023-11-02 17:44:34] [INFO    ] discord_bot: Members list updated with 3 members.
[2023-11-02 17:45:33] [INFO    ] discord_bot: Doing bans
[2023-11-02 17:45:33] [INFO    ] discord_bot: []
[2023-11-02 17:45:34] [INFO    ] discord_bot: [(754244132741840959, 'chills_bbx', None, 'BEATBOX TOP 8, Top 8, tester', 'offline', '2023-10-18 23:31:39.793000+00:00', '2020-09-12 07:36:54.424000+00:00', 'tester'), (422843158754361344, 'duzzee', None, 'tester', 'offline', '2023-10-19 00:19:05.006000+00:00', '2018-03-12 19:47:45.093000+00:00', 'tester'), (292733309488857088, 'person98', None, 'Test123, Top 8, Admin', 'offline', '2023-09-16 17:38:27.768000+00:00', '2017-03-18 18:57:39.704000+00:00', 'Admin')]
[2023-11-02 17:45:34] [INFO    ] discord_bot: Members list updated with 3 members.
[2023-11-02 17:46:33] [INFO    ] discord_bot: Doing bans
[2023-11-02 17:46:33] [INFO    ] discord_bot: []
[2023-11-02 17:46:34] [INFO    ] discord_bot: [(754244132741840959, 'chills_bbx', None, 'BEATBOX TOP 8, Top 8, tester', 'offline', '2023-10-18 23:31:39.793000+00:00', '2020-09-12 07:36:54.424000+00:00', 'tester'), (422843158754361344, 'duzzee', None, 'tester', 'offline', '2023-10-19 00:19:05.006000+00:00', '2018-03-12 19:47:45.093000+00:00', 'tester'), (292733309488857088, 'person98', None, 'Test123, Top 8, Admin', 'offline', '2023-09-16 17:38:27.768000+00:00', '2017-03-18 18:57:39.704000+00:00', 'Admin')]
[2023-11-02 17:46:34] [INFO    ] discord_bot: Members list updated with 3 members.
[2023-11-02 17:47:33] [INFO    ] discord_bot: Doing bans
[2023-11-02 17:47:33] [INFO    ] discord_bot: []
[2023-11-02 17:47:33] [INFO    ] discord_bot: [(754244132741840959, 'chills_bbx', None, 'BEATBOX TOP 8, Top 8, tester', 'offline', '2023-10-18 23:31:39.793000+00:00', '2020-09-12 07:36:54.424000+00:00', 'tester'), (422843158754361344, 'duzzee', None, 'tester', 'offline', '2023-10-19 00:19:05.006000+00:00', '2018-03-12 19:47:45.093000+00:00', 'tester'), (292733309488857088, 'person98', None, 'Test123, Top 8, Admin', 'offline', '2023-09-16 17:38:27.768000+00:00', '2017-03-18 18:57:39.704000+00:00', 'Admin')]
[2023-11-02 17:47:33] [INFO    ] discord_bot: Members list updated with 3 members.
[2023-11-02 17:48:33] [INFO    ] discord_bot: Doing bans
[2023-11-02 17:48:33] [INFO    ] discord_bot: []
[2023-11-02 17:48:34] [INFO    ] discord_bot: [(754244132741840959, 'chills_bbx', None, 'BEATBOX TOP 8, Top 8, tester', 'offline', '2023-10-18 23:31:39.793000+00:00', '2020-09-12 07:36:54.424000+00:00', 'tester'), (422843158754361344, 'duzzee', None, 'tester', 'offline', '2023-10-19 00:19:05.006000+00:00', '2018-03-12 19:47:45.093000+00:00', 'tester'), (292733309488857088, 'person98', None, 'Test123, Top 8, Admin', 'offline', '2023-09-16 17:38:27.768000+00:00', '2017-03-18 18:57:39.704000+00:00', 'Admin')]
[2023-11-02 17:48:34] [INFO    ] discord_bot: Members list updated with 3 members.
[2023-11-02 17:49:33] [INFO    ] discord_bot: Doing bans
[2023-11-02 17:49:33] [INFO    ] discord_bot: []
[2023-11-02 17:49:33] [INFO    ] discord_bot: [(754244132741840959, 'chills_bbx', None, 'BEATBOX TOP 8, Top 8, tester', 'offline', '2023-10-18 23:31:39.793000+00:00', '2020-09-12 07:36:54.424000+00:00', 'tester'), (422843158754361344, 'duzzee', None, 'tester', 'offline', '2023-10-19 00:19:05.006000+00:00', '2018-03-12 19:47:45.093000+00:00', 'tester'), (292733309488857088, 'person98', None, 'Test123, Top 8, Admin', 'offline', '2023-09-16 17:38:27.768000+00:00', '2017-03-18 18:57:39.704000+00:00', 'Admin')]
[2023-11-02 17:49:33] [INFO    ] discord_bot: Members list updated with 3 members.
[2023-11-02 17:50:33] [INFO    ] discord_bot: Doing bans
[2023-11-02 17:50:33] [INFO    ] discord_bot: []
[2023-11-02 17:50:34] [INFO    ] discord_bot: [(754244132741840959, 'chills_bbx', None, 'BEATBOX TOP 8, Top 8, tester', 'offline', '2023-10-18 23:31:39.793000+00:00', '2020-09-12 07:36:54.424000+00:00', 'tester'), (422843158754361344, 'duzzee', None, 'tester', 'offline', '2023-10-19 00:19:05.006000+00:00', '2018-03-12 19:47:45.093000+00:00', 'tester'), (292733309488857088, 'person98', None, 'Test123, Top 8, Admin', 'offline', '2023-09-16 17:38:27.768000+00:00', '2017-03-18 18:57:39.704000+00:00', 'Admin')]
[2023-11-02 17:50:34] [INFO    ] discord_bot: Members list updated with 3 members.
[2023-11-02 17:51:33] [INFO    ] discord_bot: Doing bans
[2023-11-02 17:51:33] [INFO    ] discord_bot: []
[2023-11-02 17:51:33] [INFO    ] discord_bot: [(754244132741840959, 'chills_bbx', None, 'BEATBOX TOP 8, Top 8, tester', 'offline', '2023-10-18 23:31:39.793000+00:00', '2020-09-12 07:36:54.424000+00:00', 'tester'), (422843158754361344, 'duzzee', None, 'tester', 'offline', '2023-10-19 00:19:05.006000+00:00', '2018-03-12 19:47:45.093000+00:00', 'tester'), (292733309488857088, 'person98', None, 'Test123, Top 8, Admin', 'offline', '2023-09-16 17:38:27.768000+00:00', '2017-03-18 18:57:39.704000+00:00', 'Admin')]
[2023-11-02 17:51:33] [INFO    ] discord_bot: Members list updated with 3 members.
[2023-11-02 17:52:33] [INFO    ] discord_bot: Doing bans
[2023-11-02 17:52:33] [INFO    ] discord_bot: []
[2023-11-02 17:52:34] [INFO    ] discord_bot: [(754244132741840959, 'chills_bbx', None, 'BEATBOX TOP 8, Top 8, tester', 'offline', '2023-10-18 23:31:39.793000+00:00', '2020-09-12 07:36:54.424000+00:00', 'tester'), (422843158754361344, 'duzzee', None, 'tester', 'offline', '2023-10-19 00:19:05.006000+00:00', '2018-03-12 19:47:45.093000+00:00', 'tester'), (292733309488857088, 'person98', None, 'Test123, Top 8, Admin', 'offline', '2023-09-16 17:38:27.768000+00:00', '2017-03-18 18:57:39.704000+00:00', 'Admin')]
[2023-11-02 17:52:34] [INFO    ] discord_bot: Members list updated with 3 members.
[2023-11-02 17:53:33] [INFO    ] discord_bot: Doing bans
[2023-11-02 17:53:33] [INFO    ] discord_bot: []
[2023-11-02 17:53:34] [INFO    ] discord_bot: [(754244132741840959, 'chills_bbx', None, 'BEATBOX TOP 8, Top 8, tester', 'offline', '2023-10-18 23:31:39.793000+00:00', '2020-09-12 07:36:54.424000+00:00', 'tester'), (422843158754361344, 'duzzee', None, 'tester', 'offline', '2023-10-19 00:19:05.006000+00:00', '2018-03-12 19:47:45.093000+00:00', 'tester'), (292733309488857088, 'person98', None, 'Test123, Top 8, Admin', 'offline', '2023-09-16 17:38:27.768000+00:00', '2017-03-18 18:57:39.704000+00:00', 'Admin')]
[2023-11-02 17:53:34] [INFO    ] discord_bot: Members list updated with 3 members.
[2023-11-02 17:54:33] [INFO    ] discord_bot: Doing bans
[2023-11-02 17:54:33] [INFO    ] discord_bot: []
[2023-11-02 17:54:34] [INFO    ] discord_bot: [(754244132741840959, 'chills_bbx', None, 'BEATBOX TOP 8, Top 8, tester', 'offline', '2023-10-18 23:31:39.793000+00:00', '2020-09-12 07:36:54.424000+00:00', 'tester'), (422843158754361344, 'duzzee', None, 'tester', 'offline', '2023-10-19 00:19:05.006000+00:00', '2018-03-12 19:47:45.093000+00:00', 'tester'), (292733309488857088, 'person98', None, 'Test123, Top 8, Admin', 'offline', '2023-09-16 17:38:27.768000+00:00', '2017-03-18 18:57:39.704000+00:00', 'Admin')]
[2023-11-02 17:54:34] [INFO    ] discord_bot: Members list updated with 3 members.
[2023-11-02 17:55:33] [INFO    ] discord_bot: Doing bans
[2023-11-02 17:55:33] [INFO    ] discord_bot: []
[2023-11-02 17:55:34] [INFO    ] discord_bot: [(754244132741840959, 'chills_bbx', None, 'BEATBOX TOP 8, Top 8, tester', 'offline', '2023-10-18 23:31:39.793000+00:00', '2020-09-12 07:36:54.424000+00:00', 'tester'), (422843158754361344, 'duzzee', None, 'tester', 'offline', '2023-10-19 00:19:05.006000+00:00', '2018-03-12 19:47:45.093000+00:00', 'tester'), (292733309488857088, 'person98', None, 'Test123, Top 8, Admin', 'offline', '2023-09-16 17:38:27.768000+00:00', '2017-03-18 18:57:39.704000+00:00', 'Admin')]
[2023-11-02 17:55:34] [INFO    ] discord_bot: Members list updated with 3 members.
[2023-11-02 17:56:33] [INFO    ] discord_bot: Doing bans
[2023-11-02 17:56:33] [INFO    ] discord_bot: []
[2023-11-02 17:56:34] [INFO    ] discord_bot: [(754244132741840959, 'chills_bbx', None, 'BEATBOX TOP 8, Top 8, tester', 'offline', '2023-10-18 23:31:39.793000+00:00', '2020-09-12 07:36:54.424000+00:00', 'tester'), (422843158754361344, 'duzzee', None, 'tester', 'offline', '2023-10-19 00:19:05.006000+00:00', '2018-03-12 19:47:45.093000+00:00', 'tester'), (292733309488857088, 'person98', None, 'Test123, Top 8, Admin', 'offline', '2023-09-16 17:38:27.768000+00:00', '2017-03-18 18:57:39.704000+00:00', 'Admin')]
[2023-11-02 17:56:34] [INFO    ] discord_bot: Members list updated with 3 members.
[2023-11-02 17:57:33] [INFO    ] discord_bot: Doing bans
[2023-11-02 17:57:33] [INFO    ] discord_bot: []
[2023-11-02 17:57:34] [INFO    ] discord_bot: [(754244132741840959, 'chills_bbx', None, 'BEATBOX TOP 8, Top 8, tester', 'offline', '2023-10-18 23:31:39.793000+00:00', '2020-09-12 07:36:54.424000+00:00', 'tester'), (422843158754361344, 'duzzee', None, 'tester', 'offline', '2023-10-19 00:19:05.006000+00:00', '2018-03-12 19:47:45.093000+00:00', 'tester'), (292733309488857088, 'person98', None, 'Test123, Top 8, Admin', 'offline', '2023-09-16 17:38:27.768000+00:00', '2017-03-18 18:57:39.704000+00:00', 'Admin')]
[2023-11-02 17:57:34] [INFO    ] discord_bot: Members list updated with 3 members.
[2023-11-02 17:58:33] [INFO    ] discord_bot: Doing bans
[2023-11-02 17:58:33] [INFO    ] discord_bot: []
[2023-11-02 17:58:33] [INFO    ] discord_bot: [(754244132741840959, 'chills_bbx', None, 'BEATBOX TOP 8, Top 8, tester', 'offline', '2023-10-18 23:31:39.793000+00:00', '2020-09-12 07:36:54.424000+00:00', 'tester'), (422843158754361344, 'duzzee', None, 'tester', 'offline', '2023-10-19 00:19:05.006000+00:00', '2018-03-12 19:47:45.093000+00:00', 'tester'), (292733309488857088, 'person98', None, 'Test123, Top 8, Admin', 'offline', '2023-09-16 17:38:27.768000+00:00', '2017-03-18 18:57:39.704000+00:00', 'Admin')]
[2023-11-02 17:58:33] [INFO    ] discord_bot: Members list updated with 3 members.
[2023-11-02 17:59:33] [INFO    ] discord_bot: Doing bans
[2023-11-02 17:59:33] [INFO    ] discord_bot: []
[2023-11-02 17:59:33] [INFO    ] discord_bot: [(754244132741840959, 'chills_bbx', None, 'BEATBOX TOP 8, Top 8, tester', 'offline', '2023-10-18 23:31:39.793000+00:00', '2020-09-12 07:36:54.424000+00:00', 'tester'), (422843158754361344, 'duzzee', None, 'tester', 'offline', '2023-10-19 00:19:05.006000+00:00', '2018-03-12 19:47:45.093000+00:00', 'tester'), (292733309488857088, 'person98', None, 'Test123, Top 8, Admin', 'offline', '2023-09-16 17:38:27.768000+00:00', '2017-03-18 18:57:39.704000+00:00', 'Admin')]
[2023-11-02 17:59:33] [INFO    ] discord_bot: Members list updated with 3 members.
[2023-11-02 18:00:33] [INFO    ] discord_bot: Doing bans
[2023-11-02 18:00:33] [INFO    ] discord_bot: []
[2023-11-02 18:00:34] [INFO    ] discord_bot: [(754244132741840959, 'chills_bbx', None, 'BEATBOX TOP 8, Top 8, tester', 'offline', '2023-10-18 23:31:39.793000+00:00', '2020-09-12 07:36:54.424000+00:00', 'tester'), (422843158754361344, 'duzzee', None, 'tester', 'offline', '2023-10-19 00:19:05.006000+00:00', '2018-03-12 19:47:45.093000+00:00', 'tester'), (292733309488857088, 'person98', None, 'Test123, Top 8, Admin', 'offline', '2023-09-16 17:38:27.768000+00:00', '2017-03-18 18:57:39.704000+00:00', 'Admin')]
[2023-11-02 18:00:34] [INFO    ] discord_bot: Members list updated with 3 members.
[2023-11-02 18:01:33] [INFO    ] discord_bot: Doing bans
[2023-11-02 18:01:33] [INFO    ] discord_bot: []
[2023-11-02 18:01:34] [INFO    ] discord_bot: [(754244132741840959, 'chills_bbx', None, 'BEATBOX TOP 8, Top 8, tester', 'offline', '2023-10-18 23:31:39.793000+00:00', '2020-09-12 07:36:54.424000+00:00', 'tester'), (422843158754361344, 'duzzee', None, 'tester', 'offline', '2023-10-19 00:19:05.006000+00:00', '2018-03-12 19:47:45.093000+00:00', 'tester'), (292733309488857088, 'person98', None, 'Test123, Top 8, Admin', 'offline', '2023-09-16 17:38:27.768000+00:00', '2017-03-18 18:57:39.704000+00:00', 'Admin')]
[2023-11-02 18:01:34] [INFO    ] discord_bot: Members list updated with 3 members.
[2023-11-02 18:02:33] [INFO    ] discord_bot: Doing bans
[2023-11-02 18:02:33] [INFO    ] discord_bot: []
[2023-11-02 18:02:34] [INFO    ] discord_bot: [(754244132741840959, 'chills_bbx', None, 'BEATBOX TOP 8, Top 8, tester', 'offline', '2023-10-18 23:31:39.793000+00:00', '2020-09-12 07:36:54.424000+00:00', 'tester'), (422843158754361344, 'duzzee', None, 'tester', 'offline', '2023-10-19 00:19:05.006000+00:00', '2018-03-12 19:47:45.093000+00:00', 'tester'), (292733309488857088, 'person98', None, 'Test123, Top 8, Admin', 'offline', '2023-09-16 17:38:27.768000+00:00', '2017-03-18 18:57:39.704000+00:00', 'Admin')]
[2023-11-02 18:02:34] [INFO    ] discord_bot: Members list updated with 3 members.
[2023-11-02 18:03:33] [INFO    ] discord_bot: Doing bans
[2023-11-02 18:03:33] [INFO    ] discord_bot: []
[2023-11-02 18:03:34] [INFO    ] discord_bot: [(754244132741840959, 'chills_bbx', None, 'BEATBOX TOP 8, Top 8, tester', 'offline', '2023-10-18 23:31:39.793000+00:00', '2020-09-12 07:36:54.424000+00:00', 'tester'), (422843158754361344, 'duzzee', None, 'tester', 'offline', '2023-10-19 00:19:05.006000+00:00', '2018-03-12 19:47:45.093000+00:00', 'tester'), (292733309488857088, 'person98', None, 'Test123, Top 8, Admin', 'offline', '2023-09-16 17:38:27.768000+00:00', '2017-03-18 18:57:39.704000+00:00', 'Admin')]
[2023-11-02 18:03:34] [INFO    ] discord_bot: Members list updated with 3 members.
[2023-11-02 18:04:33] [INFO    ] discord_bot: Doing bans
[2023-11-02 18:04:33] [INFO    ] discord_bot: []
[2023-11-02 18:04:34] [INFO    ] discord_bot: [(754244132741840959, 'chills_bbx', None, 'BEATBOX TOP 8, Top 8, tester', 'offline', '2023-10-18 23:31:39.793000+00:00', '2020-09-12 07:36:54.424000+00:00', 'tester'), (422843158754361344, 'duzzee', None, 'tester', 'offline', '2023-10-19 00:19:05.006000+00:00', '2018-03-12 19:47:45.093000+00:00', 'tester'), (292733309488857088, 'person98', None, 'Test123, Top 8, Admin', 'offline', '2023-09-16 17:38:27.768000+00:00', '2017-03-18 18:57:39.704000+00:00', 'Admin')]
[2023-11-02 18:04:34] [INFO    ] discord_bot: Members list updated with 3 members.
[2023-11-02 18:05:33] [INFO    ] discord_bot: Doing bans
[2023-11-02 18:05:33] [INFO    ] discord_bot: []
[2023-11-02 18:05:33] [INFO    ] discord_bot: [(754244132741840959, 'chills_bbx', None, 'BEATBOX TOP 8, Top 8, tester', 'offline', '2023-10-18 23:31:39.793000+00:00', '2020-09-12 07:36:54.424000+00:00', 'tester'), (422843158754361344, 'duzzee', None, 'tester', 'offline', '2023-10-19 00:19:05.006000+00:00', '2018-03-12 19:47:45.093000+00:00', 'tester'), (292733309488857088, 'person98', None, 'Test123, Top 8, Admin', 'offline', '2023-09-16 17:38:27.768000+00:00', '2017-03-18 18:57:39.704000+00:00', 'Admin')]
[2023-11-02 18:05:33] [INFO    ] discord_bot: Members list updated with 3 members.
[2023-11-02 18:06:33] [INFO    ] discord_bot: Doing bans
[2023-11-02 18:06:33] [INFO    ] discord_bot: []
[2023-11-02 18:06:34] [INFO    ] discord_bot: [(754244132741840959, 'chills_bbx', None, 'BEATBOX TOP 8, Top 8, tester', 'offline', '2023-10-18 23:31:39.793000+00:00', '2020-09-12 07:36:54.424000+00:00', 'tester'), (422843158754361344, 'duzzee', None, 'tester', 'offline', '2023-10-19 00:19:05.006000+00:00', '2018-03-12 19:47:45.093000+00:00', 'tester'), (292733309488857088, 'person98', None, 'Test123, Top 8, Admin', 'offline', '2023-09-16 17:38:27.768000+00:00', '2017-03-18 18:57:39.704000+00:00', 'Admin')]
[2023-11-02 18:06:34] [INFO    ] discord_bot: Members list updated with 3 members.
[2023-11-02 18:07:33] [INFO    ] discord_bot: Doing bans
[2023-11-02 18:07:33] [INFO    ] discord_bot: []
[2023-11-02 18:07:34] [INFO    ] discord_bot: [(754244132741840959, 'chills_bbx', None, 'BEATBOX TOP 8, Top 8, tester', 'offline', '2023-10-18 23:31:39.793000+00:00', '2020-09-12 07:36:54.424000+00:00', 'tester'), (422843158754361344, 'duzzee', None, 'tester', 'offline', '2023-10-19 00:19:05.006000+00:00', '2018-03-12 19:47:45.093000+00:00', 'tester'), (292733309488857088, 'person98', None, 'Test123, Top 8, Admin', 'offline', '2023-09-16 17:38:27.768000+00:00', '2017-03-18 18:57:39.704000+00:00', 'Admin')]
[2023-11-02 18:07:34] [INFO    ] discord_bot: Members list updated with 3 members.
[2023-11-02 18:08:33] [INFO    ] discord_bot: Doing bans
[2023-11-02 18:08:33] [INFO    ] discord_bot: []
[2023-11-02 18:08:34] [INFO    ] discord_bot: [(754244132741840959, 'chills_bbx', None, 'BEATBOX TOP 8, Top 8, tester', 'offline', '2023-10-18 23:31:39.793000+00:00', '2020-09-12 07:36:54.424000+00:00', 'tester'), (422843158754361344, 'duzzee', None, 'tester', 'offline', '2023-10-19 00:19:05.006000+00:00', '2018-03-12 19:47:45.093000+00:00', 'tester'), (292733309488857088, 'person98', None, 'Test123, Top 8, Admin', 'offline', '2023-09-16 17:38:27.768000+00:00', '2017-03-18 18:57:39.704000+00:00', 'Admin')]
[2023-11-02 18:08:34] [INFO    ] discord_bot: Members list updated with 3 members.
[2023-11-02 18:09:33] [INFO    ] discord_bot: Doing bans
[2023-11-02 18:09:33] [INFO    ] discord_bot: []
[2023-11-02 18:09:33] [INFO    ] discord_bot: [(754244132741840959, 'chills_bbx', None, 'BEATBOX TOP 8, Top 8, tester', 'offline', '2023-10-18 23:31:39.793000+00:00', '2020-09-12 07:36:54.424000+00:00', 'tester'), (422843158754361344, 'duzzee', None, 'tester', 'offline', '2023-10-19 00:19:05.006000+00:00', '2018-03-12 19:47:45.093000+00:00', 'tester'), (292733309488857088, 'person98', None, 'Test123, Top 8, Admin', 'offline', '2023-09-16 17:38:27.768000+00:00', '2017-03-18 18:57:39.704000+00:00', 'Admin')]
[2023-11-02 18:09:33] [INFO    ] discord_bot: Members list updated with 3 members.
[2023-11-02 18:10:33] [INFO    ] discord_bot: Doing bans
[2023-11-02 18:10:33] [INFO    ] discord_bot: []
[2023-11-02 18:10:33] [INFO    ] discord_bot: [(754244132741840959, 'chills_bbx', None, 'BEATBOX TOP 8, Top 8, tester', 'offline', '2023-10-18 23:31:39.793000+00:00', '2020-09-12 07:36:54.424000+00:00', 'tester'), (422843158754361344, 'duzzee', None, 'tester', 'offline', '2023-10-19 00:19:05.006000+00:00', '2018-03-12 19:47:45.093000+00:00', 'tester'), (292733309488857088, 'person98', None, 'Test123, Top 8, Admin', 'offline', '2023-09-16 17:38:27.768000+00:00', '2017-03-18 18:57:39.704000+00:00', 'Admin')]
[2023-11-02 18:10:33] [INFO    ] discord_bot: Members list updated with 3 members.
[2023-11-02 18:11:33] [INFO    ] discord_bot: Doing bans
[2023-11-02 18:11:33] [INFO    ] discord_bot: []
[2023-11-02 18:11:34] [INFO    ] discord_bot: [(754244132741840959, 'chills_bbx', None, 'BEATBOX TOP 8, Top 8, tester', 'offline', '2023-10-18 23:31:39.793000+00:00', '2020-09-12 07:36:54.424000+00:00', 'tester'), (422843158754361344, 'duzzee', None, 'tester', 'offline', '2023-10-19 00:19:05.006000+00:00', '2018-03-12 19:47:45.093000+00:00', 'tester'), (292733309488857088, 'person98', None, 'Test123, Top 8, Admin', 'offline', '2023-09-16 17:38:27.768000+00:00', '2017-03-18 18:57:39.704000+00:00', 'Admin')]
[2023-11-02 18:11:34] [INFO    ] discord_bot: Members list updated with 3 members.
[2023-11-02 18:12:33] [INFO    ] discord_bot: Doing bans
[2023-11-02 18:12:33] [INFO    ] discord_bot: []
[2023-11-02 18:12:34] [INFO    ] discord_bot: [(754244132741840959, 'chills_bbx', None, 'BEATBOX TOP 8, Top 8, tester', 'offline', '2023-10-18 23:31:39.793000+00:00', '2020-09-12 07:36:54.424000+00:00', 'tester'), (422843158754361344, 'duzzee', None, 'tester', 'offline', '2023-10-19 00:19:05.006000+00:00', '2018-03-12 19:47:45.093000+00:00', 'tester'), (292733309488857088, 'person98', None, 'Test123, Top 8, Admin', 'offline', '2023-09-16 17:38:27.768000+00:00', '2017-03-18 18:57:39.704000+00:00', 'Admin')]
[2023-11-02 18:12:34] [INFO    ] discord_bot: Members list updated with 3 members.
[2023-11-02 18:13:33] [INFO    ] discord_bot: Doing bans
[2023-11-02 18:13:33] [INFO    ] discord_bot: []
[2023-11-02 18:13:34] [INFO    ] discord_bot: [(754244132741840959, 'chills_bbx', None, 'BEATBOX TOP 8, Top 8, tester', 'offline', '2023-10-18 23:31:39.793000+00:00', '2020-09-12 07:36:54.424000+00:00', 'tester'), (422843158754361344, 'duzzee', None, 'tester', 'offline', '2023-10-19 00:19:05.006000+00:00', '2018-03-12 19:47:45.093000+00:00', 'tester'), (292733309488857088, 'person98', None, 'Test123, Top 8, Admin', 'offline', '2023-09-16 17:38:27.768000+00:00', '2017-03-18 18:57:39.704000+00:00', 'Admin')]
[2023-11-02 18:13:34] [INFO    ] discord_bot: Members list updated with 3 members.
[2023-11-02 18:14:33] [INFO    ] discord_bot: Doing bans
[2023-11-02 18:14:33] [INFO    ] discord_bot: []
[2023-11-02 18:14:34] [INFO    ] discord_bot: [(754244132741840959, 'chills_bbx', None, 'BEATBOX TOP 8, Top 8, tester', 'offline', '2023-10-18 23:31:39.793000+00:00', '2020-09-12 07:36:54.424000+00:00', 'tester'), (422843158754361344, 'duzzee', None, 'tester', 'offline', '2023-10-19 00:19:05.006000+00:00', '2018-03-12 19:47:45.093000+00:00', 'tester'), (292733309488857088, 'person98', None, 'Test123, Top 8, Admin', 'offline', '2023-09-16 17:38:27.768000+00:00', '2017-03-18 18:57:39.704000+00:00', 'Admin')]
[2023-11-02 18:14:34] [INFO    ] discord_bot: Members list updated with 3 members.
[2023-11-02 18:15:33] [INFO    ] discord_bot: Doing bans
[2023-11-02 18:15:33] [INFO    ] discord_bot: []
[2023-11-02 18:15:34] [INFO    ] discord_bot: [(754244132741840959, 'chills_bbx', None, 'BEATBOX TOP 8, Top 8, tester', 'offline', '2023-10-18 23:31:39.793000+00:00', '2020-09-12 07:36:54.424000+00:00', 'tester'), (422843158754361344, 'duzzee', None, 'tester', 'offline', '2023-10-19 00:19:05.006000+00:00', '2018-03-12 19:47:45.093000+00:00', 'tester'), (292733309488857088, 'person98', None, 'Test123, Top 8, Admin', 'offline', '2023-09-16 17:38:27.768000+00:00', '2017-03-18 18:57:39.704000+00:00', 'Admin')]
[2023-11-02 18:15:34] [INFO    ] discord_bot: Members list updated with 3 members.
[2023-11-02 18:16:33] [INFO    ] discord_bot: Doing bans
[2023-11-02 18:16:33] [INFO    ] discord_bot: []
[2023-11-02 18:16:33] [INFO    ] discord_bot: [(754244132741840959, 'chills_bbx', None, 'BEATBOX TOP 8, Top 8, tester', 'offline', '2023-10-18 23:31:39.793000+00:00', '2020-09-12 07:36:54.424000+00:00', 'tester'), (422843158754361344, 'duzzee', None, 'tester', 'offline', '2023-10-19 00:19:05.006000+00:00', '2018-03-12 19:47:45.093000+00:00', 'tester'), (292733309488857088, 'person98', None, 'Test123, Top 8, Admin', 'offline', '2023-09-16 17:38:27.768000+00:00', '2017-03-18 18:57:39.704000+00:00', 'Admin')]
[2023-11-02 18:16:33] [INFO    ] discord_bot: Members list updated with 3 members.
[2023-11-02 18:17:33] [INFO    ] discord_bot: Doing bans
[2023-11-02 18:17:33] [INFO    ] discord_bot: []
[2023-11-02 18:17:33] [INFO    ] discord_bot: [(754244132741840959, 'chills_bbx', None, 'BEATBOX TOP 8, Top 8, tester', 'offline', '2023-10-18 23:31:39.793000+00:00', '2020-09-12 07:36:54.424000+00:00', 'tester'), (422843158754361344, 'duzzee', None, 'tester', 'offline', '2023-10-19 00:19:05.006000+00:00', '2018-03-12 19:47:45.093000+00:00', 'tester'), (292733309488857088, 'person98', None, 'Test123, Top 8, Admin', 'offline', '2023-09-16 17:38:27.768000+00:00', '2017-03-18 18:57:39.704000+00:00', 'Admin')]
[2023-11-02 18:17:33] [INFO    ] discord_bot: Members list updated with 3 members.
[2023-11-02 18:18:33] [INFO    ] discord_bot: Doing bans
[2023-11-02 18:18:33] [INFO    ] discord_bot: []
[2023-11-02 18:18:34] [INFO    ] discord_bot: [(754244132741840959, 'chills_bbx', None, 'BEATBOX TOP 8, Top 8, tester', 'offline', '2023-10-18 23:31:39.793000+00:00', '2020-09-12 07:36:54.424000+00:00', 'tester'), (422843158754361344, 'duzzee', None, 'tester', 'offline', '2023-10-19 00:19:05.006000+00:00', '2018-03-12 19:47:45.093000+00:00', 'tester'), (292733309488857088, 'person98', None, 'Test123, Top 8, Admin', 'offline', '2023-09-16 17:38:27.768000+00:00', '2017-03-18 18:57:39.704000+00:00', 'Admin')]
[2023-11-02 18:18:34] [INFO    ] discord_bot: Members list updated with 3 members.
[2023-11-02 18:19:33] [INFO    ] discord_bot: Doing bans
[2023-11-02 18:19:33] [INFO    ] discord_bot: []
[2023-11-02 18:19:34] [INFO    ] discord_bot: [(754244132741840959, 'chills_bbx', None, 'BEATBOX TOP 8, Top 8, tester', 'offline', '2023-10-18 23:31:39.793000+00:00', '2020-09-12 07:36:54.424000+00:00', 'tester'), (422843158754361344, 'duzzee', None, 'tester', 'offline', '2023-10-19 00:19:05.006000+00:00', '2018-03-12 19:47:45.093000+00:00', 'tester'), (292733309488857088, 'person98', None, 'Test123, Top 8, Admin', 'offline', '2023-09-16 17:38:27.768000+00:00', '2017-03-18 18:57:39.704000+00:00', 'Admin')]
[2023-11-02 18:19:34] [INFO    ] discord_bot: Members list updated with 3 members.
[2023-11-02 18:20:33] [INFO    ] discord_bot: Doing bans
[2023-11-02 18:20:33] [INFO    ] discord_bot: []
[2023-11-02 18:20:34] [INFO    ] discord_bot: [(754244132741840959, 'chills_bbx', None, 'BEATBOX TOP 8, Top 8, tester', 'offline', '2023-10-18 23:31:39.793000+00:00', '2020-09-12 07:36:54.424000+00:00', 'tester'), (422843158754361344, 'duzzee', None, 'tester', 'offline', '2023-10-19 00:19:05.006000+00:00', '2018-03-12 19:47:45.093000+00:00', 'tester'), (292733309488857088, 'person98', None, 'Test123, Top 8, Admin', 'offline', '2023-09-16 17:38:27.768000+00:00', '2017-03-18 18:57:39.704000+00:00', 'Admin')]
[2023-11-02 18:20:34] [INFO    ] discord_bot: Members list updated with 3 members.
[2023-11-02 18:21:33] [INFO    ] discord_bot: Doing bans
[2023-11-02 18:21:33] [INFO    ] discord_bot: []
[2023-11-02 18:21:34] [INFO    ] discord_bot: [(754244132741840959, 'chills_bbx', None, 'BEATBOX TOP 8, Top 8, tester', 'offline', '2023-10-18 23:31:39.793000+00:00', '2020-09-12 07:36:54.424000+00:00', 'tester'), (422843158754361344, 'duzzee', None, 'tester', 'offline', '2023-10-19 00:19:05.006000+00:00', '2018-03-12 19:47:45.093000+00:00', 'tester'), (292733309488857088, 'person98', None, 'Test123, Top 8, Admin', 'offline', '2023-09-16 17:38:27.768000+00:00', '2017-03-18 18:57:39.704000+00:00', 'Admin')]
[2023-11-02 18:21:34] [INFO    ] discord_bot: Members list updated with 3 members.
[2023-11-02 18:22:33] [INFO    ] discord_bot: Doing bans
[2023-11-02 18:22:33] [INFO    ] discord_bot: []
[2023-11-02 18:22:34] [INFO    ] discord_bot: [(754244132741840959, 'chills_bbx', None, 'BEATBOX TOP 8, Top 8, tester', 'offline', '2023-10-18 23:31:39.793000+00:00', '2020-09-12 07:36:54.424000+00:00', 'tester'), (422843158754361344, 'duzzee', None, 'tester', 'offline', '2023-10-19 00:19:05.006000+00:00', '2018-03-12 19:47:45.093000+00:00', 'tester'), (292733309488857088, 'person98', None, 'Test123, Top 8, Admin', 'offline', '2023-09-16 17:38:27.768000+00:00', '2017-03-18 18:57:39.704000+00:00', 'Admin')]
[2023-11-02 18:22:34] [INFO    ] discord_bot: Members list updated with 3 members.
[2023-11-02 18:23:33] [INFO    ] discord_bot: Doing bans
[2023-11-02 18:23:33] [INFO    ] discord_bot: []
[2023-11-02 18:23:34] [INFO    ] discord_bot: [(754244132741840959, 'chills_bbx', None, 'BEATBOX TOP 8, Top 8, tester', 'offline', '2023-10-18 23:31:39.793000+00:00', '2020-09-12 07:36:54.424000+00:00', 'tester'), (422843158754361344, 'duzzee', None, 'tester', 'offline', '2023-10-19 00:19:05.006000+00:00', '2018-03-12 19:47:45.093000+00:00', 'tester'), (292733309488857088, 'person98', None, 'Test123, Top 8, Admin', 'offline', '2023-09-16 17:38:27.768000+00:00', '2017-03-18 18:57:39.704000+00:00', 'Admin')]
[2023-11-02 18:23:34] [INFO    ] discord_bot: Members list updated with 3 members.
[2023-11-02 18:24:33] [INFO    ] discord_bot: Doing bans
[2023-11-02 18:24:33] [INFO    ] discord_bot: []
[2023-11-02 18:24:34] [INFO    ] discord_bot: [(754244132741840959, 'chills_bbx', None, 'BEATBOX TOP 8, Top 8, tester', 'offline', '2023-10-18 23:31:39.793000+00:00', '2020-09-12 07:36:54.424000+00:00', 'tester'), (422843158754361344, 'duzzee', None, 'tester', 'offline', '2023-10-19 00:19:05.006000+00:00', '2018-03-12 19:47:45.093000+00:00', 'tester'), (292733309488857088, 'person98', None, 'Test123, Top 8, Admin', 'offline', '2023-09-16 17:38:27.768000+00:00', '2017-03-18 18:57:39.704000+00:00', 'Admin')]
[2023-11-02 18:24:34] [INFO    ] discord_bot: Members list updated with 3 members.
[2023-11-02 18:25:33] [INFO    ] discord_bot: Doing bans
[2023-11-02 18:25:33] [INFO    ] discord_bot: []
[2023-11-02 18:25:34] [INFO    ] discord_bot: [(754244132741840959, 'chills_bbx', None, 'BEATBOX TOP 8, Top 8, tester', 'offline', '2023-10-18 23:31:39.793000+00:00', '2020-09-12 07:36:54.424000+00:00', 'tester'), (422843158754361344, 'duzzee', None, 'tester', 'offline', '2023-10-19 00:19:05.006000+00:00', '2018-03-12 19:47:45.093000+00:00', 'tester'), (292733309488857088, 'person98', None, 'Test123, Top 8, Admin', 'offline', '2023-09-16 17:38:27.768000+00:00', '2017-03-18 18:57:39.704000+00:00', 'Admin')]
[2023-11-02 18:25:34] [INFO    ] discord_bot: Members list updated with 3 members.
[2023-11-02 18:26:33] [INFO    ] discord_bot: Doing bans
[2023-11-02 18:26:33] [INFO    ] discord_bot: []
[2023-11-02 18:26:34] [INFO    ] discord_bot: [(754244132741840959, 'chills_bbx', None, 'BEATBOX TOP 8, Top 8, tester', 'offline', '2023-10-18 23:31:39.793000+00:00', '2020-09-12 07:36:54.424000+00:00', 'tester'), (422843158754361344, 'duzzee', None, 'tester', 'offline', '2023-10-19 00:19:05.006000+00:00', '2018-03-12 19:47:45.093000+00:00', 'tester'), (292733309488857088, 'person98', None, 'Test123, Top 8, Admin', 'offline', '2023-09-16 17:38:27.768000+00:00', '2017-03-18 18:57:39.704000+00:00', 'Admin')]
[2023-11-02 18:26:34] [INFO    ] discord_bot: Members list updated with 3 members.
[2023-11-02 18:27:33] [INFO    ] discord_bot: Doing bans
[2023-11-02 18:27:33] [INFO    ] discord_bot: []
[2023-11-02 18:27:34] [INFO    ] discord_bot: [(754244132741840959, 'chills_bbx', None, 'BEATBOX TOP 8, Top 8, tester', 'offline', '2023-10-18 23:31:39.793000+00:00', '2020-09-12 07:36:54.424000+00:00', 'tester'), (422843158754361344, 'duzzee', None, 'tester', 'offline', '2023-10-19 00:19:05.006000+00:00', '2018-03-12 19:47:45.093000+00:00', 'tester'), (292733309488857088, 'person98', None, 'Test123, Top 8, Admin', 'offline', '2023-09-16 17:38:27.768000+00:00', '2017-03-18 18:57:39.704000+00:00', 'Admin')]
[2023-11-02 18:27:34] [INFO    ] discord_bot: Members list updated with 3 members.
